ARM GAS  C:\Users\lalbo\AppData\Local\Temp\cc10LIey.s 			page 1


   1              		.cpu cortex-m4
   2              		.arch armv7e-m
   3              		.fpu fpv4-sp-d16
   4              		.eabi_attribute 27, 1
   5              		.eabi_attribute 28, 1
   6              		.eabi_attribute 20, 1
   7              		.eabi_attribute 21, 1
   8              		.eabi_attribute 23, 3
   9              		.eabi_attribute 24, 1
  10              		.eabi_attribute 25, 1
  11              		.eabi_attribute 26, 1
  12              		.eabi_attribute 30, 1
  13              		.eabi_attribute 34, 1
  14              		.eabi_attribute 18, 4
  15              		.file	"stm32l4xx_hal_msp.c"
  16              		.text
  17              	.Ltext0:
  18              		.cfi_sections	.debug_frame
  19              		.section	.text.HAL_MspInit,"ax",%progbits
  20              		.align	1
  21              		.global	HAL_MspInit
  22              		.syntax unified
  23              		.thumb
  24              		.thumb_func
  26              	HAL_MspInit:
  27              	.LFB132:
  28              		.file 1 "Core/Src/stm32l4xx_hal_msp.c"
   1:Core/Src/stm32l4xx_hal_msp.c **** /* USER CODE BEGIN Header */
   2:Core/Src/stm32l4xx_hal_msp.c **** /**
   3:Core/Src/stm32l4xx_hal_msp.c ****   ******************************************************************************
   4:Core/Src/stm32l4xx_hal_msp.c ****   * @file         stm32l4xx_hal_msp.c
   5:Core/Src/stm32l4xx_hal_msp.c ****   * @brief        This file provides code for the MSP Initialization
   6:Core/Src/stm32l4xx_hal_msp.c ****   *               and de-Initialization codes.
   7:Core/Src/stm32l4xx_hal_msp.c ****   ******************************************************************************
   8:Core/Src/stm32l4xx_hal_msp.c ****   * @attention
   9:Core/Src/stm32l4xx_hal_msp.c ****   *
  10:Core/Src/stm32l4xx_hal_msp.c ****   * Copyright (c) 2022 STMicroelectronics.
  11:Core/Src/stm32l4xx_hal_msp.c ****   * All rights reserved.
  12:Core/Src/stm32l4xx_hal_msp.c ****   *
  13:Core/Src/stm32l4xx_hal_msp.c ****   * This software is licensed under terms that can be found in the LICENSE file
  14:Core/Src/stm32l4xx_hal_msp.c ****   * in the root directory of this software component.
  15:Core/Src/stm32l4xx_hal_msp.c ****   * If no LICENSE file comes with this software, it is provided AS-IS.
  16:Core/Src/stm32l4xx_hal_msp.c ****   *
  17:Core/Src/stm32l4xx_hal_msp.c ****   ******************************************************************************
  18:Core/Src/stm32l4xx_hal_msp.c ****   */
  19:Core/Src/stm32l4xx_hal_msp.c **** /* USER CODE END Header */
  20:Core/Src/stm32l4xx_hal_msp.c **** 
  21:Core/Src/stm32l4xx_hal_msp.c **** /* Includes ------------------------------------------------------------------*/
  22:Core/Src/stm32l4xx_hal_msp.c **** #include "main.h"
  23:Core/Src/stm32l4xx_hal_msp.c **** /* USER CODE BEGIN Includes */
  24:Core/Src/stm32l4xx_hal_msp.c **** 
  25:Core/Src/stm32l4xx_hal_msp.c **** /* USER CODE END Includes */
  26:Core/Src/stm32l4xx_hal_msp.c **** 
  27:Core/Src/stm32l4xx_hal_msp.c **** /* Private typedef -----------------------------------------------------------*/
  28:Core/Src/stm32l4xx_hal_msp.c **** /* USER CODE BEGIN TD */
  29:Core/Src/stm32l4xx_hal_msp.c **** 
  30:Core/Src/stm32l4xx_hal_msp.c **** /* USER CODE END TD */
ARM GAS  C:\Users\lalbo\AppData\Local\Temp\cc10LIey.s 			page 2


  31:Core/Src/stm32l4xx_hal_msp.c **** 
  32:Core/Src/stm32l4xx_hal_msp.c **** /* Private define ------------------------------------------------------------*/
  33:Core/Src/stm32l4xx_hal_msp.c **** /* USER CODE BEGIN Define */
  34:Core/Src/stm32l4xx_hal_msp.c **** 
  35:Core/Src/stm32l4xx_hal_msp.c **** /* USER CODE END Define */
  36:Core/Src/stm32l4xx_hal_msp.c **** 
  37:Core/Src/stm32l4xx_hal_msp.c **** /* Private macro -------------------------------------------------------------*/
  38:Core/Src/stm32l4xx_hal_msp.c **** /* USER CODE BEGIN Macro */
  39:Core/Src/stm32l4xx_hal_msp.c **** 
  40:Core/Src/stm32l4xx_hal_msp.c **** /* USER CODE END Macro */
  41:Core/Src/stm32l4xx_hal_msp.c **** 
  42:Core/Src/stm32l4xx_hal_msp.c **** /* Private variables ---------------------------------------------------------*/
  43:Core/Src/stm32l4xx_hal_msp.c **** /* USER CODE BEGIN PV */
  44:Core/Src/stm32l4xx_hal_msp.c **** 
  45:Core/Src/stm32l4xx_hal_msp.c **** /* USER CODE END PV */
  46:Core/Src/stm32l4xx_hal_msp.c **** 
  47:Core/Src/stm32l4xx_hal_msp.c **** /* Private function prototypes -----------------------------------------------*/
  48:Core/Src/stm32l4xx_hal_msp.c **** /* USER CODE BEGIN PFP */
  49:Core/Src/stm32l4xx_hal_msp.c **** 
  50:Core/Src/stm32l4xx_hal_msp.c **** /* USER CODE END PFP */
  51:Core/Src/stm32l4xx_hal_msp.c **** 
  52:Core/Src/stm32l4xx_hal_msp.c **** /* External functions --------------------------------------------------------*/
  53:Core/Src/stm32l4xx_hal_msp.c **** /* USER CODE BEGIN ExternalFunctions */
  54:Core/Src/stm32l4xx_hal_msp.c **** 
  55:Core/Src/stm32l4xx_hal_msp.c **** /* USER CODE END ExternalFunctions */
  56:Core/Src/stm32l4xx_hal_msp.c **** 
  57:Core/Src/stm32l4xx_hal_msp.c **** /* USER CODE BEGIN 0 */
  58:Core/Src/stm32l4xx_hal_msp.c **** 
  59:Core/Src/stm32l4xx_hal_msp.c **** /* USER CODE END 0 */
  60:Core/Src/stm32l4xx_hal_msp.c **** /**
  61:Core/Src/stm32l4xx_hal_msp.c ****   * Initializes the Global MSP.
  62:Core/Src/stm32l4xx_hal_msp.c ****   */
  63:Core/Src/stm32l4xx_hal_msp.c **** void HAL_MspInit(void)
  64:Core/Src/stm32l4xx_hal_msp.c **** {
  29              		.loc 1 64 1 view -0
  30              		.cfi_startproc
  31              		@ args = 0, pretend = 0, frame = 8
  32              		@ frame_needed = 0, uses_anonymous_args = 0
  33              		@ link register save eliminated.
  34 0000 82B0     		sub	sp, sp, #8
  35              	.LCFI0:
  36              		.cfi_def_cfa_offset 8
  65:Core/Src/stm32l4xx_hal_msp.c ****   /* USER CODE BEGIN MspInit 0 */
  66:Core/Src/stm32l4xx_hal_msp.c **** 
  67:Core/Src/stm32l4xx_hal_msp.c ****   /* USER CODE END MspInit 0 */
  68:Core/Src/stm32l4xx_hal_msp.c **** 
  69:Core/Src/stm32l4xx_hal_msp.c ****   __HAL_RCC_SYSCFG_CLK_ENABLE();
  37              		.loc 1 69 3 view .LVU1
  38              	.LBB2:
  39              		.loc 1 69 3 view .LVU2
  40              		.loc 1 69 3 view .LVU3
  41 0002 0A4B     		ldr	r3, .L3
  42 0004 1A6E     		ldr	r2, [r3, #96]
  43 0006 42F00102 		orr	r2, r2, #1
  44 000a 1A66     		str	r2, [r3, #96]
  45              		.loc 1 69 3 view .LVU4
  46 000c 1A6E     		ldr	r2, [r3, #96]
ARM GAS  C:\Users\lalbo\AppData\Local\Temp\cc10LIey.s 			page 3


  47 000e 02F00102 		and	r2, r2, #1
  48 0012 0092     		str	r2, [sp]
  49              		.loc 1 69 3 view .LVU5
  50 0014 009A     		ldr	r2, [sp]
  51              	.LBE2:
  52              		.loc 1 69 3 view .LVU6
  70:Core/Src/stm32l4xx_hal_msp.c ****   __HAL_RCC_PWR_CLK_ENABLE();
  53              		.loc 1 70 3 view .LVU7
  54              	.LBB3:
  55              		.loc 1 70 3 view .LVU8
  56              		.loc 1 70 3 view .LVU9
  57 0016 9A6D     		ldr	r2, [r3, #88]
  58 0018 42F08052 		orr	r2, r2, #268435456
  59 001c 9A65     		str	r2, [r3, #88]
  60              		.loc 1 70 3 view .LVU10
  61 001e 9B6D     		ldr	r3, [r3, #88]
  62 0020 03F08053 		and	r3, r3, #268435456
  63 0024 0193     		str	r3, [sp, #4]
  64              		.loc 1 70 3 view .LVU11
  65 0026 019B     		ldr	r3, [sp, #4]
  66              	.LBE3:
  67              		.loc 1 70 3 view .LVU12
  71:Core/Src/stm32l4xx_hal_msp.c **** 
  72:Core/Src/stm32l4xx_hal_msp.c ****   /* System interrupt init*/
  73:Core/Src/stm32l4xx_hal_msp.c **** 
  74:Core/Src/stm32l4xx_hal_msp.c ****   /* USER CODE BEGIN MspInit 1 */
  75:Core/Src/stm32l4xx_hal_msp.c **** 
  76:Core/Src/stm32l4xx_hal_msp.c ****   /* USER CODE END MspInit 1 */
  77:Core/Src/stm32l4xx_hal_msp.c **** }
  68              		.loc 1 77 1 is_stmt 0 view .LVU13
  69 0028 02B0     		add	sp, sp, #8
  70              	.LCFI1:
  71              		.cfi_def_cfa_offset 0
  72              		@ sp needed
  73 002a 7047     		bx	lr
  74              	.L4:
  75              		.align	2
  76              	.L3:
  77 002c 00100240 		.word	1073876992
  78              		.cfi_endproc
  79              	.LFE132:
  81              		.section	.text.HAL_UART_MspInit,"ax",%progbits
  82              		.align	1
  83              		.global	HAL_UART_MspInit
  84              		.syntax unified
  85              		.thumb
  86              		.thumb_func
  88              	HAL_UART_MspInit:
  89              	.LVL0:
  90              	.LFB133:
  78:Core/Src/stm32l4xx_hal_msp.c **** 
  79:Core/Src/stm32l4xx_hal_msp.c **** /**
  80:Core/Src/stm32l4xx_hal_msp.c **** * @brief UART MSP Initialization
  81:Core/Src/stm32l4xx_hal_msp.c **** * This function configures the hardware resources used in this example
  82:Core/Src/stm32l4xx_hal_msp.c **** * @param huart: UART handle pointer
  83:Core/Src/stm32l4xx_hal_msp.c **** * @retval None
  84:Core/Src/stm32l4xx_hal_msp.c **** */
ARM GAS  C:\Users\lalbo\AppData\Local\Temp\cc10LIey.s 			page 4


  85:Core/Src/stm32l4xx_hal_msp.c **** void HAL_UART_MspInit(UART_HandleTypeDef* huart)
  86:Core/Src/stm32l4xx_hal_msp.c **** {
  91              		.loc 1 86 1 is_stmt 1 view -0
  92              		.cfi_startproc
  93              		@ args = 0, pretend = 0, frame = 192
  94              		@ frame_needed = 0, uses_anonymous_args = 0
  95              		.loc 1 86 1 is_stmt 0 view .LVU15
  96 0000 F0B5     		push	{r4, r5, r6, r7, lr}
  97              	.LCFI2:
  98              		.cfi_def_cfa_offset 20
  99              		.cfi_offset 4, -20
 100              		.cfi_offset 5, -16
 101              		.cfi_offset 6, -12
 102              		.cfi_offset 7, -8
 103              		.cfi_offset 14, -4
 104 0002 B1B0     		sub	sp, sp, #196
 105              	.LCFI3:
 106              		.cfi_def_cfa_offset 216
 107 0004 0446     		mov	r4, r0
  87:Core/Src/stm32l4xx_hal_msp.c ****   GPIO_InitTypeDef GPIO_InitStruct = {0};
 108              		.loc 1 87 3 is_stmt 1 view .LVU16
 109              		.loc 1 87 20 is_stmt 0 view .LVU17
 110 0006 0021     		movs	r1, #0
 111 0008 2B91     		str	r1, [sp, #172]
 112 000a 2C91     		str	r1, [sp, #176]
 113 000c 2D91     		str	r1, [sp, #180]
 114 000e 2E91     		str	r1, [sp, #184]
 115 0010 2F91     		str	r1, [sp, #188]
  88:Core/Src/stm32l4xx_hal_msp.c ****   RCC_PeriphCLKInitTypeDef PeriphClkInit = {0};
 116              		.loc 1 88 3 is_stmt 1 view .LVU18
 117              		.loc 1 88 28 is_stmt 0 view .LVU19
 118 0012 9422     		movs	r2, #148
 119 0014 06A8     		add	r0, sp, #24
 120              	.LVL1:
 121              		.loc 1 88 28 view .LVU20
 122 0016 FFF7FEFF 		bl	memset
 123              	.LVL2:
  89:Core/Src/stm32l4xx_hal_msp.c ****   if(huart->Instance==UART4)
 124              		.loc 1 89 3 is_stmt 1 view .LVU21
 125              		.loc 1 89 11 is_stmt 0 view .LVU22
 126 001a 2368     		ldr	r3, [r4]
 127              		.loc 1 89 5 view .LVU23
 128 001c 394A     		ldr	r2, .L15
 129 001e 9342     		cmp	r3, r2
 130 0020 04D0     		beq	.L11
  90:Core/Src/stm32l4xx_hal_msp.c ****   {
  91:Core/Src/stm32l4xx_hal_msp.c ****   /* USER CODE BEGIN UART4_MspInit 0 */
  92:Core/Src/stm32l4xx_hal_msp.c **** 
  93:Core/Src/stm32l4xx_hal_msp.c ****   /* USER CODE END UART4_MspInit 0 */
  94:Core/Src/stm32l4xx_hal_msp.c **** 
  95:Core/Src/stm32l4xx_hal_msp.c ****   /** Initializes the peripherals clock
  96:Core/Src/stm32l4xx_hal_msp.c ****   */
  97:Core/Src/stm32l4xx_hal_msp.c ****     PeriphClkInit.PeriphClockSelection = RCC_PERIPHCLK_UART4;
  98:Core/Src/stm32l4xx_hal_msp.c ****     PeriphClkInit.Uart4ClockSelection = RCC_UART4CLKSOURCE_PCLK1;
  99:Core/Src/stm32l4xx_hal_msp.c ****     if (HAL_RCCEx_PeriphCLKConfig(&PeriphClkInit) != HAL_OK)
 100:Core/Src/stm32l4xx_hal_msp.c ****     {
 101:Core/Src/stm32l4xx_hal_msp.c ****       Error_Handler();
ARM GAS  C:\Users\lalbo\AppData\Local\Temp\cc10LIey.s 			page 5


 102:Core/Src/stm32l4xx_hal_msp.c ****     }
 103:Core/Src/stm32l4xx_hal_msp.c **** 
 104:Core/Src/stm32l4xx_hal_msp.c ****     /* Peripheral clock enable */
 105:Core/Src/stm32l4xx_hal_msp.c ****     __HAL_RCC_UART4_CLK_ENABLE();
 106:Core/Src/stm32l4xx_hal_msp.c **** 
 107:Core/Src/stm32l4xx_hal_msp.c ****     __HAL_RCC_GPIOA_CLK_ENABLE();
 108:Core/Src/stm32l4xx_hal_msp.c ****     /**UART4 GPIO Configuration
 109:Core/Src/stm32l4xx_hal_msp.c ****     PA0     ------> UART4_TX
 110:Core/Src/stm32l4xx_hal_msp.c ****     PA1     ------> UART4_RX
 111:Core/Src/stm32l4xx_hal_msp.c ****     */
 112:Core/Src/stm32l4xx_hal_msp.c ****     GPIO_InitStruct.Pin = GPIO_PIN_0|GPIO_PIN_1;
 113:Core/Src/stm32l4xx_hal_msp.c ****     GPIO_InitStruct.Mode = GPIO_MODE_AF_PP;
 114:Core/Src/stm32l4xx_hal_msp.c ****     GPIO_InitStruct.Pull = GPIO_NOPULL;
 115:Core/Src/stm32l4xx_hal_msp.c ****     GPIO_InitStruct.Speed = GPIO_SPEED_FREQ_VERY_HIGH;
 116:Core/Src/stm32l4xx_hal_msp.c ****     GPIO_InitStruct.Alternate = GPIO_AF8_UART4;
 117:Core/Src/stm32l4xx_hal_msp.c ****     HAL_GPIO_Init(GPIOA, &GPIO_InitStruct);
 118:Core/Src/stm32l4xx_hal_msp.c **** 
 119:Core/Src/stm32l4xx_hal_msp.c ****   /* USER CODE BEGIN UART4_MspInit 1 */
 120:Core/Src/stm32l4xx_hal_msp.c **** 
 121:Core/Src/stm32l4xx_hal_msp.c ****   /* USER CODE END UART4_MspInit 1 */
 122:Core/Src/stm32l4xx_hal_msp.c ****   }
 123:Core/Src/stm32l4xx_hal_msp.c ****   else if(huart->Instance==UART5)
 131              		.loc 1 123 8 is_stmt 1 view .LVU24
 132              		.loc 1 123 10 is_stmt 0 view .LVU25
 133 0022 394A     		ldr	r2, .L15+4
 134 0024 9342     		cmp	r3, r2
 135 0026 2CD0     		beq	.L12
 136              	.LVL3:
 137              	.L5:
 124:Core/Src/stm32l4xx_hal_msp.c ****   {
 125:Core/Src/stm32l4xx_hal_msp.c ****   /* USER CODE BEGIN UART5_MspInit 0 */
 126:Core/Src/stm32l4xx_hal_msp.c **** 
 127:Core/Src/stm32l4xx_hal_msp.c ****   /* USER CODE END UART5_MspInit 0 */
 128:Core/Src/stm32l4xx_hal_msp.c **** 
 129:Core/Src/stm32l4xx_hal_msp.c ****   /** Initializes the peripherals clock
 130:Core/Src/stm32l4xx_hal_msp.c ****   */
 131:Core/Src/stm32l4xx_hal_msp.c ****     PeriphClkInit.PeriphClockSelection = RCC_PERIPHCLK_UART5;
 132:Core/Src/stm32l4xx_hal_msp.c ****     PeriphClkInit.Uart5ClockSelection = RCC_UART5CLKSOURCE_PCLK1;
 133:Core/Src/stm32l4xx_hal_msp.c ****     if (HAL_RCCEx_PeriphCLKConfig(&PeriphClkInit) != HAL_OK)
 134:Core/Src/stm32l4xx_hal_msp.c ****     {
 135:Core/Src/stm32l4xx_hal_msp.c ****       Error_Handler();
 136:Core/Src/stm32l4xx_hal_msp.c ****     }
 137:Core/Src/stm32l4xx_hal_msp.c **** 
 138:Core/Src/stm32l4xx_hal_msp.c ****     /* Peripheral clock enable */
 139:Core/Src/stm32l4xx_hal_msp.c ****     __HAL_RCC_UART5_CLK_ENABLE();
 140:Core/Src/stm32l4xx_hal_msp.c **** 
 141:Core/Src/stm32l4xx_hal_msp.c ****     __HAL_RCC_GPIOC_CLK_ENABLE();
 142:Core/Src/stm32l4xx_hal_msp.c ****     __HAL_RCC_GPIOD_CLK_ENABLE();
 143:Core/Src/stm32l4xx_hal_msp.c ****     /**UART5 GPIO Configuration
 144:Core/Src/stm32l4xx_hal_msp.c ****     PC12     ------> UART5_TX
 145:Core/Src/stm32l4xx_hal_msp.c ****     PD2     ------> UART5_RX
 146:Core/Src/stm32l4xx_hal_msp.c ****     */
 147:Core/Src/stm32l4xx_hal_msp.c ****     GPIO_InitStruct.Pin = GPIO_PIN_12;
 148:Core/Src/stm32l4xx_hal_msp.c ****     GPIO_InitStruct.Mode = GPIO_MODE_AF_PP;
 149:Core/Src/stm32l4xx_hal_msp.c ****     GPIO_InitStruct.Pull = GPIO_NOPULL;
 150:Core/Src/stm32l4xx_hal_msp.c ****     GPIO_InitStruct.Speed = GPIO_SPEED_FREQ_VERY_HIGH;
 151:Core/Src/stm32l4xx_hal_msp.c ****     GPIO_InitStruct.Alternate = GPIO_AF8_UART5;
ARM GAS  C:\Users\lalbo\AppData\Local\Temp\cc10LIey.s 			page 6


 152:Core/Src/stm32l4xx_hal_msp.c ****     HAL_GPIO_Init(GPIOC, &GPIO_InitStruct);
 153:Core/Src/stm32l4xx_hal_msp.c **** 
 154:Core/Src/stm32l4xx_hal_msp.c ****     GPIO_InitStruct.Pin = GPIO_PIN_2;
 155:Core/Src/stm32l4xx_hal_msp.c ****     GPIO_InitStruct.Mode = GPIO_MODE_AF_PP;
 156:Core/Src/stm32l4xx_hal_msp.c ****     GPIO_InitStruct.Pull = GPIO_NOPULL;
 157:Core/Src/stm32l4xx_hal_msp.c ****     GPIO_InitStruct.Speed = GPIO_SPEED_FREQ_VERY_HIGH;
 158:Core/Src/stm32l4xx_hal_msp.c ****     GPIO_InitStruct.Alternate = GPIO_AF8_UART5;
 159:Core/Src/stm32l4xx_hal_msp.c ****     HAL_GPIO_Init(GPIOD, &GPIO_InitStruct);
 160:Core/Src/stm32l4xx_hal_msp.c **** 
 161:Core/Src/stm32l4xx_hal_msp.c ****   /* USER CODE BEGIN UART5_MspInit 1 */
 162:Core/Src/stm32l4xx_hal_msp.c **** 
 163:Core/Src/stm32l4xx_hal_msp.c ****   /* USER CODE END UART5_MspInit 1 */
 164:Core/Src/stm32l4xx_hal_msp.c ****   }
 165:Core/Src/stm32l4xx_hal_msp.c **** 
 166:Core/Src/stm32l4xx_hal_msp.c **** }
 138              		.loc 1 166 1 view .LVU26
 139 0028 31B0     		add	sp, sp, #196
 140              	.LCFI4:
 141              		.cfi_remember_state
 142              		.cfi_def_cfa_offset 20
 143              		@ sp needed
 144 002a F0BD     		pop	{r4, r5, r6, r7, pc}
 145              	.LVL4:
 146              	.L11:
 147              	.LCFI5:
 148              		.cfi_restore_state
  97:Core/Src/stm32l4xx_hal_msp.c ****     PeriphClkInit.Uart4ClockSelection = RCC_UART4CLKSOURCE_PCLK1;
 149              		.loc 1 97 5 is_stmt 1 view .LVU27
  97:Core/Src/stm32l4xx_hal_msp.c ****     PeriphClkInit.Uart4ClockSelection = RCC_UART4CLKSOURCE_PCLK1;
 150              		.loc 1 97 40 is_stmt 0 view .LVU28
 151 002c 0823     		movs	r3, #8
 152 002e 0693     		str	r3, [sp, #24]
  98:Core/Src/stm32l4xx_hal_msp.c ****     if (HAL_RCCEx_PeriphCLKConfig(&PeriphClkInit) != HAL_OK)
 153              		.loc 1 98 5 is_stmt 1 view .LVU29
  99:Core/Src/stm32l4xx_hal_msp.c ****     {
 154              		.loc 1 99 5 view .LVU30
  99:Core/Src/stm32l4xx_hal_msp.c ****     {
 155              		.loc 1 99 9 is_stmt 0 view .LVU31
 156 0030 06A8     		add	r0, sp, #24
 157 0032 FFF7FEFF 		bl	HAL_RCCEx_PeriphCLKConfig
 158              	.LVL5:
  99:Core/Src/stm32l4xx_hal_msp.c ****     {
 159              		.loc 1 99 8 view .LVU32
 160 0036 08BB     		cbnz	r0, .L13
 161              	.L7:
 105:Core/Src/stm32l4xx_hal_msp.c **** 
 162              		.loc 1 105 5 is_stmt 1 view .LVU33
 163              	.LBB4:
 105:Core/Src/stm32l4xx_hal_msp.c **** 
 164              		.loc 1 105 5 view .LVU34
 105:Core/Src/stm32l4xx_hal_msp.c **** 
 165              		.loc 1 105 5 view .LVU35
 166 0038 344B     		ldr	r3, .L15+8
 167 003a 9A6D     		ldr	r2, [r3, #88]
 168 003c 42F40022 		orr	r2, r2, #524288
 169 0040 9A65     		str	r2, [r3, #88]
 105:Core/Src/stm32l4xx_hal_msp.c **** 
ARM GAS  C:\Users\lalbo\AppData\Local\Temp\cc10LIey.s 			page 7


 170              		.loc 1 105 5 view .LVU36
 171 0042 9A6D     		ldr	r2, [r3, #88]
 172 0044 02F40022 		and	r2, r2, #524288
 173 0048 0192     		str	r2, [sp, #4]
 105:Core/Src/stm32l4xx_hal_msp.c **** 
 174              		.loc 1 105 5 view .LVU37
 175 004a 019A     		ldr	r2, [sp, #4]
 176              	.LBE4:
 105:Core/Src/stm32l4xx_hal_msp.c **** 
 177              		.loc 1 105 5 view .LVU38
 107:Core/Src/stm32l4xx_hal_msp.c ****     /**UART4 GPIO Configuration
 178              		.loc 1 107 5 view .LVU39
 179              	.LBB5:
 107:Core/Src/stm32l4xx_hal_msp.c ****     /**UART4 GPIO Configuration
 180              		.loc 1 107 5 view .LVU40
 107:Core/Src/stm32l4xx_hal_msp.c ****     /**UART4 GPIO Configuration
 181              		.loc 1 107 5 view .LVU41
 182 004c DA6C     		ldr	r2, [r3, #76]
 183 004e 42F00102 		orr	r2, r2, #1
 184 0052 DA64     		str	r2, [r3, #76]
 107:Core/Src/stm32l4xx_hal_msp.c ****     /**UART4 GPIO Configuration
 185              		.loc 1 107 5 view .LVU42
 186 0054 DB6C     		ldr	r3, [r3, #76]
 187 0056 03F00103 		and	r3, r3, #1
 188 005a 0293     		str	r3, [sp, #8]
 107:Core/Src/stm32l4xx_hal_msp.c ****     /**UART4 GPIO Configuration
 189              		.loc 1 107 5 view .LVU43
 190 005c 029B     		ldr	r3, [sp, #8]
 191              	.LBE5:
 107:Core/Src/stm32l4xx_hal_msp.c ****     /**UART4 GPIO Configuration
 192              		.loc 1 107 5 view .LVU44
 112:Core/Src/stm32l4xx_hal_msp.c ****     GPIO_InitStruct.Mode = GPIO_MODE_AF_PP;
 193              		.loc 1 112 5 view .LVU45
 112:Core/Src/stm32l4xx_hal_msp.c ****     GPIO_InitStruct.Mode = GPIO_MODE_AF_PP;
 194              		.loc 1 112 25 is_stmt 0 view .LVU46
 195 005e 0323     		movs	r3, #3
 196 0060 2B93     		str	r3, [sp, #172]
 113:Core/Src/stm32l4xx_hal_msp.c ****     GPIO_InitStruct.Pull = GPIO_NOPULL;
 197              		.loc 1 113 5 is_stmt 1 view .LVU47
 113:Core/Src/stm32l4xx_hal_msp.c ****     GPIO_InitStruct.Pull = GPIO_NOPULL;
 198              		.loc 1 113 26 is_stmt 0 view .LVU48
 199 0062 0222     		movs	r2, #2
 200 0064 2C92     		str	r2, [sp, #176]
 114:Core/Src/stm32l4xx_hal_msp.c ****     GPIO_InitStruct.Speed = GPIO_SPEED_FREQ_VERY_HIGH;
 201              		.loc 1 114 5 is_stmt 1 view .LVU49
 114:Core/Src/stm32l4xx_hal_msp.c ****     GPIO_InitStruct.Speed = GPIO_SPEED_FREQ_VERY_HIGH;
 202              		.loc 1 114 26 is_stmt 0 view .LVU50
 203 0066 0022     		movs	r2, #0
 204 0068 2D92     		str	r2, [sp, #180]
 115:Core/Src/stm32l4xx_hal_msp.c ****     GPIO_InitStruct.Alternate = GPIO_AF8_UART4;
 205              		.loc 1 115 5 is_stmt 1 view .LVU51
 115:Core/Src/stm32l4xx_hal_msp.c ****     GPIO_InitStruct.Alternate = GPIO_AF8_UART4;
 206              		.loc 1 115 27 is_stmt 0 view .LVU52
 207 006a 2E93     		str	r3, [sp, #184]
 116:Core/Src/stm32l4xx_hal_msp.c ****     HAL_GPIO_Init(GPIOA, &GPIO_InitStruct);
 208              		.loc 1 116 5 is_stmt 1 view .LVU53
 116:Core/Src/stm32l4xx_hal_msp.c ****     HAL_GPIO_Init(GPIOA, &GPIO_InitStruct);
ARM GAS  C:\Users\lalbo\AppData\Local\Temp\cc10LIey.s 			page 8


 209              		.loc 1 116 31 is_stmt 0 view .LVU54
 210 006c 0823     		movs	r3, #8
 211 006e 2F93     		str	r3, [sp, #188]
 117:Core/Src/stm32l4xx_hal_msp.c **** 
 212              		.loc 1 117 5 is_stmt 1 view .LVU55
 213 0070 2BA9     		add	r1, sp, #172
 214 0072 4FF09040 		mov	r0, #1207959552
 215 0076 FFF7FEFF 		bl	HAL_GPIO_Init
 216              	.LVL6:
 217 007a D5E7     		b	.L5
 218              	.L13:
 101:Core/Src/stm32l4xx_hal_msp.c ****     }
 219              		.loc 1 101 7 view .LVU56
 220 007c FFF7FEFF 		bl	Error_Handler
 221              	.LVL7:
 222 0080 DAE7     		b	.L7
 223              	.L12:
 131:Core/Src/stm32l4xx_hal_msp.c ****     PeriphClkInit.Uart5ClockSelection = RCC_UART5CLKSOURCE_PCLK1;
 224              		.loc 1 131 5 view .LVU57
 131:Core/Src/stm32l4xx_hal_msp.c ****     PeriphClkInit.Uart5ClockSelection = RCC_UART5CLKSOURCE_PCLK1;
 225              		.loc 1 131 40 is_stmt 0 view .LVU58
 226 0082 1023     		movs	r3, #16
 227 0084 0693     		str	r3, [sp, #24]
 132:Core/Src/stm32l4xx_hal_msp.c ****     if (HAL_RCCEx_PeriphCLKConfig(&PeriphClkInit) != HAL_OK)
 228              		.loc 1 132 5 is_stmt 1 view .LVU59
 133:Core/Src/stm32l4xx_hal_msp.c ****     {
 229              		.loc 1 133 5 view .LVU60
 133:Core/Src/stm32l4xx_hal_msp.c ****     {
 230              		.loc 1 133 9 is_stmt 0 view .LVU61
 231 0086 06A8     		add	r0, sp, #24
 232 0088 FFF7FEFF 		bl	HAL_RCCEx_PeriphCLKConfig
 233              	.LVL8:
 133:Core/Src/stm32l4xx_hal_msp.c ****     {
 234              		.loc 1 133 8 view .LVU62
 235 008c 0028     		cmp	r0, #0
 236 008e 35D1     		bne	.L14
 237              	.L9:
 139:Core/Src/stm32l4xx_hal_msp.c **** 
 238              		.loc 1 139 5 is_stmt 1 view .LVU63
 239              	.LBB6:
 139:Core/Src/stm32l4xx_hal_msp.c **** 
 240              		.loc 1 139 5 view .LVU64
 139:Core/Src/stm32l4xx_hal_msp.c **** 
 241              		.loc 1 139 5 view .LVU65
 242 0090 1E4B     		ldr	r3, .L15+8
 243 0092 9A6D     		ldr	r2, [r3, #88]
 244 0094 42F48012 		orr	r2, r2, #1048576
 245 0098 9A65     		str	r2, [r3, #88]
 139:Core/Src/stm32l4xx_hal_msp.c **** 
 246              		.loc 1 139 5 view .LVU66
 247 009a 9A6D     		ldr	r2, [r3, #88]
 248 009c 02F48012 		and	r2, r2, #1048576
 249 00a0 0392     		str	r2, [sp, #12]
 139:Core/Src/stm32l4xx_hal_msp.c **** 
 250              		.loc 1 139 5 view .LVU67
 251 00a2 039A     		ldr	r2, [sp, #12]
 252              	.LBE6:
ARM GAS  C:\Users\lalbo\AppData\Local\Temp\cc10LIey.s 			page 9


 139:Core/Src/stm32l4xx_hal_msp.c **** 
 253              		.loc 1 139 5 view .LVU68
 141:Core/Src/stm32l4xx_hal_msp.c ****     __HAL_RCC_GPIOD_CLK_ENABLE();
 254              		.loc 1 141 5 view .LVU69
 255              	.LBB7:
 141:Core/Src/stm32l4xx_hal_msp.c ****     __HAL_RCC_GPIOD_CLK_ENABLE();
 256              		.loc 1 141 5 view .LVU70
 141:Core/Src/stm32l4xx_hal_msp.c ****     __HAL_RCC_GPIOD_CLK_ENABLE();
 257              		.loc 1 141 5 view .LVU71
 258 00a4 DA6C     		ldr	r2, [r3, #76]
 259 00a6 42F00402 		orr	r2, r2, #4
 260 00aa DA64     		str	r2, [r3, #76]
 141:Core/Src/stm32l4xx_hal_msp.c ****     __HAL_RCC_GPIOD_CLK_ENABLE();
 261              		.loc 1 141 5 view .LVU72
 262 00ac DA6C     		ldr	r2, [r3, #76]
 263 00ae 02F00402 		and	r2, r2, #4
 264 00b2 0492     		str	r2, [sp, #16]
 141:Core/Src/stm32l4xx_hal_msp.c ****     __HAL_RCC_GPIOD_CLK_ENABLE();
 265              		.loc 1 141 5 view .LVU73
 266 00b4 049A     		ldr	r2, [sp, #16]
 267              	.LBE7:
 141:Core/Src/stm32l4xx_hal_msp.c ****     __HAL_RCC_GPIOD_CLK_ENABLE();
 268              		.loc 1 141 5 view .LVU74
 142:Core/Src/stm32l4xx_hal_msp.c ****     /**UART5 GPIO Configuration
 269              		.loc 1 142 5 view .LVU75
 270              	.LBB8:
 142:Core/Src/stm32l4xx_hal_msp.c ****     /**UART5 GPIO Configuration
 271              		.loc 1 142 5 view .LVU76
 142:Core/Src/stm32l4xx_hal_msp.c ****     /**UART5 GPIO Configuration
 272              		.loc 1 142 5 view .LVU77
 273 00b6 DA6C     		ldr	r2, [r3, #76]
 274 00b8 42F00802 		orr	r2, r2, #8
 275 00bc DA64     		str	r2, [r3, #76]
 142:Core/Src/stm32l4xx_hal_msp.c ****     /**UART5 GPIO Configuration
 276              		.loc 1 142 5 view .LVU78
 277 00be DB6C     		ldr	r3, [r3, #76]
 278 00c0 03F00803 		and	r3, r3, #8
 279 00c4 0593     		str	r3, [sp, #20]
 142:Core/Src/stm32l4xx_hal_msp.c ****     /**UART5 GPIO Configuration
 280              		.loc 1 142 5 view .LVU79
 281 00c6 059B     		ldr	r3, [sp, #20]
 282              	.LBE8:
 142:Core/Src/stm32l4xx_hal_msp.c ****     /**UART5 GPIO Configuration
 283              		.loc 1 142 5 view .LVU80
 147:Core/Src/stm32l4xx_hal_msp.c ****     GPIO_InitStruct.Mode = GPIO_MODE_AF_PP;
 284              		.loc 1 147 5 view .LVU81
 147:Core/Src/stm32l4xx_hal_msp.c ****     GPIO_InitStruct.Mode = GPIO_MODE_AF_PP;
 285              		.loc 1 147 25 is_stmt 0 view .LVU82
 286 00c8 4FF48053 		mov	r3, #4096
 287 00cc 2B93     		str	r3, [sp, #172]
 148:Core/Src/stm32l4xx_hal_msp.c ****     GPIO_InitStruct.Pull = GPIO_NOPULL;
 288              		.loc 1 148 5 is_stmt 1 view .LVU83
 148:Core/Src/stm32l4xx_hal_msp.c ****     GPIO_InitStruct.Pull = GPIO_NOPULL;
 289              		.loc 1 148 26 is_stmt 0 view .LVU84
 290 00ce 0227     		movs	r7, #2
 291 00d0 2C97     		str	r7, [sp, #176]
 149:Core/Src/stm32l4xx_hal_msp.c ****     GPIO_InitStruct.Speed = GPIO_SPEED_FREQ_VERY_HIGH;
ARM GAS  C:\Users\lalbo\AppData\Local\Temp\cc10LIey.s 			page 10


 292              		.loc 1 149 5 is_stmt 1 view .LVU85
 149:Core/Src/stm32l4xx_hal_msp.c ****     GPIO_InitStruct.Speed = GPIO_SPEED_FREQ_VERY_HIGH;
 293              		.loc 1 149 26 is_stmt 0 view .LVU86
 294 00d2 0026     		movs	r6, #0
 295 00d4 2D96     		str	r6, [sp, #180]
 150:Core/Src/stm32l4xx_hal_msp.c ****     GPIO_InitStruct.Alternate = GPIO_AF8_UART5;
 296              		.loc 1 150 5 is_stmt 1 view .LVU87
 150:Core/Src/stm32l4xx_hal_msp.c ****     GPIO_InitStruct.Alternate = GPIO_AF8_UART5;
 297              		.loc 1 150 27 is_stmt 0 view .LVU88
 298 00d6 0325     		movs	r5, #3
 299 00d8 2E95     		str	r5, [sp, #184]
 151:Core/Src/stm32l4xx_hal_msp.c ****     HAL_GPIO_Init(GPIOC, &GPIO_InitStruct);
 300              		.loc 1 151 5 is_stmt 1 view .LVU89
 151:Core/Src/stm32l4xx_hal_msp.c ****     HAL_GPIO_Init(GPIOC, &GPIO_InitStruct);
 301              		.loc 1 151 31 is_stmt 0 view .LVU90
 302 00da 0824     		movs	r4, #8
 303              	.LVL9:
 151:Core/Src/stm32l4xx_hal_msp.c ****     HAL_GPIO_Init(GPIOC, &GPIO_InitStruct);
 304              		.loc 1 151 31 view .LVU91
 305 00dc 2F94     		str	r4, [sp, #188]
 152:Core/Src/stm32l4xx_hal_msp.c **** 
 306              		.loc 1 152 5 is_stmt 1 view .LVU92
 307 00de 2BA9     		add	r1, sp, #172
 308 00e0 0B48     		ldr	r0, .L15+12
 309 00e2 FFF7FEFF 		bl	HAL_GPIO_Init
 310              	.LVL10:
 154:Core/Src/stm32l4xx_hal_msp.c ****     GPIO_InitStruct.Mode = GPIO_MODE_AF_PP;
 311              		.loc 1 154 5 view .LVU93
 154:Core/Src/stm32l4xx_hal_msp.c ****     GPIO_InitStruct.Mode = GPIO_MODE_AF_PP;
 312              		.loc 1 154 25 is_stmt 0 view .LVU94
 313 00e6 0423     		movs	r3, #4
 314 00e8 2B93     		str	r3, [sp, #172]
 155:Core/Src/stm32l4xx_hal_msp.c ****     GPIO_InitStruct.Pull = GPIO_NOPULL;
 315              		.loc 1 155 5 is_stmt 1 view .LVU95
 155:Core/Src/stm32l4xx_hal_msp.c ****     GPIO_InitStruct.Pull = GPIO_NOPULL;
 316              		.loc 1 155 26 is_stmt 0 view .LVU96
 317 00ea 2C97     		str	r7, [sp, #176]
 156:Core/Src/stm32l4xx_hal_msp.c ****     GPIO_InitStruct.Speed = GPIO_SPEED_FREQ_VERY_HIGH;
 318              		.loc 1 156 5 is_stmt 1 view .LVU97
 156:Core/Src/stm32l4xx_hal_msp.c ****     GPIO_InitStruct.Speed = GPIO_SPEED_FREQ_VERY_HIGH;
 319              		.loc 1 156 26 is_stmt 0 view .LVU98
 320 00ec 2D96     		str	r6, [sp, #180]
 157:Core/Src/stm32l4xx_hal_msp.c ****     GPIO_InitStruct.Alternate = GPIO_AF8_UART5;
 321              		.loc 1 157 5 is_stmt 1 view .LVU99
 157:Core/Src/stm32l4xx_hal_msp.c ****     GPIO_InitStruct.Alternate = GPIO_AF8_UART5;
 322              		.loc 1 157 27 is_stmt 0 view .LVU100
 323 00ee 2E95     		str	r5, [sp, #184]
 158:Core/Src/stm32l4xx_hal_msp.c ****     HAL_GPIO_Init(GPIOD, &GPIO_InitStruct);
 324              		.loc 1 158 5 is_stmt 1 view .LVU101
 158:Core/Src/stm32l4xx_hal_msp.c ****     HAL_GPIO_Init(GPIOD, &GPIO_InitStruct);
 325              		.loc 1 158 31 is_stmt 0 view .LVU102
 326 00f0 2F94     		str	r4, [sp, #188]
 159:Core/Src/stm32l4xx_hal_msp.c **** 
 327              		.loc 1 159 5 is_stmt 1 view .LVU103
 328 00f2 2BA9     		add	r1, sp, #172
 329 00f4 0748     		ldr	r0, .L15+16
 330 00f6 FFF7FEFF 		bl	HAL_GPIO_Init
ARM GAS  C:\Users\lalbo\AppData\Local\Temp\cc10LIey.s 			page 11


 331              	.LVL11:
 332              		.loc 1 166 1 is_stmt 0 view .LVU104
 333 00fa 95E7     		b	.L5
 334              	.LVL12:
 335              	.L14:
 135:Core/Src/stm32l4xx_hal_msp.c ****     }
 336              		.loc 1 135 7 is_stmt 1 view .LVU105
 337 00fc FFF7FEFF 		bl	Error_Handler
 338              	.LVL13:
 339 0100 C6E7     		b	.L9
 340              	.L16:
 341 0102 00BF     		.align	2
 342              	.L15:
 343 0104 004C0040 		.word	1073761280
 344 0108 00500040 		.word	1073762304
 345 010c 00100240 		.word	1073876992
 346 0110 00080048 		.word	1207961600
 347 0114 000C0048 		.word	1207962624
 348              		.cfi_endproc
 349              	.LFE133:
 351              		.section	.text.HAL_UART_MspDeInit,"ax",%progbits
 352              		.align	1
 353              		.global	HAL_UART_MspDeInit
 354              		.syntax unified
 355              		.thumb
 356              		.thumb_func
 358              	HAL_UART_MspDeInit:
 359              	.LVL14:
 360              	.LFB134:
 167:Core/Src/stm32l4xx_hal_msp.c **** 
 168:Core/Src/stm32l4xx_hal_msp.c **** /**
 169:Core/Src/stm32l4xx_hal_msp.c **** * @brief UART MSP De-Initialization
 170:Core/Src/stm32l4xx_hal_msp.c **** * This function freeze the hardware resources used in this example
 171:Core/Src/stm32l4xx_hal_msp.c **** * @param huart: UART handle pointer
 172:Core/Src/stm32l4xx_hal_msp.c **** * @retval None
 173:Core/Src/stm32l4xx_hal_msp.c **** */
 174:Core/Src/stm32l4xx_hal_msp.c **** void HAL_UART_MspDeInit(UART_HandleTypeDef* huart)
 175:Core/Src/stm32l4xx_hal_msp.c **** {
 361              		.loc 1 175 1 view -0
 362              		.cfi_startproc
 363              		@ args = 0, pretend = 0, frame = 0
 364              		@ frame_needed = 0, uses_anonymous_args = 0
 365              		.loc 1 175 1 is_stmt 0 view .LVU107
 366 0000 08B5     		push	{r3, lr}
 367              	.LCFI6:
 368              		.cfi_def_cfa_offset 8
 369              		.cfi_offset 3, -8
 370              		.cfi_offset 14, -4
 176:Core/Src/stm32l4xx_hal_msp.c ****   if(huart->Instance==UART4)
 371              		.loc 1 176 3 is_stmt 1 view .LVU108
 372              		.loc 1 176 11 is_stmt 0 view .LVU109
 373 0002 0368     		ldr	r3, [r0]
 374              		.loc 1 176 5 view .LVU110
 375 0004 114A     		ldr	r2, .L23
 376 0006 9342     		cmp	r3, r2
 377 0008 03D0     		beq	.L21
 177:Core/Src/stm32l4xx_hal_msp.c ****   {
ARM GAS  C:\Users\lalbo\AppData\Local\Temp\cc10LIey.s 			page 12


 178:Core/Src/stm32l4xx_hal_msp.c ****   /* USER CODE BEGIN UART4_MspDeInit 0 */
 179:Core/Src/stm32l4xx_hal_msp.c **** 
 180:Core/Src/stm32l4xx_hal_msp.c ****   /* USER CODE END UART4_MspDeInit 0 */
 181:Core/Src/stm32l4xx_hal_msp.c ****     /* Peripheral clock disable */
 182:Core/Src/stm32l4xx_hal_msp.c ****     __HAL_RCC_UART4_CLK_DISABLE();
 183:Core/Src/stm32l4xx_hal_msp.c **** 
 184:Core/Src/stm32l4xx_hal_msp.c ****     /**UART4 GPIO Configuration
 185:Core/Src/stm32l4xx_hal_msp.c ****     PA0     ------> UART4_TX
 186:Core/Src/stm32l4xx_hal_msp.c ****     PA1     ------> UART4_RX
 187:Core/Src/stm32l4xx_hal_msp.c ****     */
 188:Core/Src/stm32l4xx_hal_msp.c ****     HAL_GPIO_DeInit(GPIOA, GPIO_PIN_0|GPIO_PIN_1);
 189:Core/Src/stm32l4xx_hal_msp.c **** 
 190:Core/Src/stm32l4xx_hal_msp.c ****   /* USER CODE BEGIN UART4_MspDeInit 1 */
 191:Core/Src/stm32l4xx_hal_msp.c **** 
 192:Core/Src/stm32l4xx_hal_msp.c ****   /* USER CODE END UART4_MspDeInit 1 */
 193:Core/Src/stm32l4xx_hal_msp.c ****   }
 194:Core/Src/stm32l4xx_hal_msp.c ****   else if(huart->Instance==UART5)
 378              		.loc 1 194 8 is_stmt 1 view .LVU111
 379              		.loc 1 194 10 is_stmt 0 view .LVU112
 380 000a 114A     		ldr	r2, .L23+4
 381 000c 9342     		cmp	r3, r2
 382 000e 0CD0     		beq	.L22
 383              	.LVL15:
 384              	.L17:
 195:Core/Src/stm32l4xx_hal_msp.c ****   {
 196:Core/Src/stm32l4xx_hal_msp.c ****   /* USER CODE BEGIN UART5_MspDeInit 0 */
 197:Core/Src/stm32l4xx_hal_msp.c **** 
 198:Core/Src/stm32l4xx_hal_msp.c ****   /* USER CODE END UART5_MspDeInit 0 */
 199:Core/Src/stm32l4xx_hal_msp.c ****     /* Peripheral clock disable */
 200:Core/Src/stm32l4xx_hal_msp.c ****     __HAL_RCC_UART5_CLK_DISABLE();
 201:Core/Src/stm32l4xx_hal_msp.c **** 
 202:Core/Src/stm32l4xx_hal_msp.c ****     /**UART5 GPIO Configuration
 203:Core/Src/stm32l4xx_hal_msp.c ****     PC12     ------> UART5_TX
 204:Core/Src/stm32l4xx_hal_msp.c ****     PD2     ------> UART5_RX
 205:Core/Src/stm32l4xx_hal_msp.c ****     */
 206:Core/Src/stm32l4xx_hal_msp.c ****     HAL_GPIO_DeInit(GPIOC, GPIO_PIN_12);
 207:Core/Src/stm32l4xx_hal_msp.c **** 
 208:Core/Src/stm32l4xx_hal_msp.c ****     HAL_GPIO_DeInit(GPIOD, GPIO_PIN_2);
 209:Core/Src/stm32l4xx_hal_msp.c **** 
 210:Core/Src/stm32l4xx_hal_msp.c ****   /* USER CODE BEGIN UART5_MspDeInit 1 */
 211:Core/Src/stm32l4xx_hal_msp.c **** 
 212:Core/Src/stm32l4xx_hal_msp.c ****   /* USER CODE END UART5_MspDeInit 1 */
 213:Core/Src/stm32l4xx_hal_msp.c ****   }
 214:Core/Src/stm32l4xx_hal_msp.c **** 
 215:Core/Src/stm32l4xx_hal_msp.c **** }
 385              		.loc 1 215 1 view .LVU113
 386 0010 08BD     		pop	{r3, pc}
 387              	.LVL16:
 388              	.L21:
 182:Core/Src/stm32l4xx_hal_msp.c **** 
 389              		.loc 1 182 5 is_stmt 1 view .LVU114
 390 0012 02F5E232 		add	r2, r2, #115712
 391 0016 936D     		ldr	r3, [r2, #88]
 392 0018 23F40023 		bic	r3, r3, #524288
 393 001c 9365     		str	r3, [r2, #88]
 188:Core/Src/stm32l4xx_hal_msp.c **** 
 394              		.loc 1 188 5 view .LVU115
ARM GAS  C:\Users\lalbo\AppData\Local\Temp\cc10LIey.s 			page 13


 395 001e 0321     		movs	r1, #3
 396 0020 4FF09040 		mov	r0, #1207959552
 397              	.LVL17:
 188:Core/Src/stm32l4xx_hal_msp.c **** 
 398              		.loc 1 188 5 is_stmt 0 view .LVU116
 399 0024 FFF7FEFF 		bl	HAL_GPIO_DeInit
 400              	.LVL18:
 401 0028 F2E7     		b	.L17
 402              	.LVL19:
 403              	.L22:
 200:Core/Src/stm32l4xx_hal_msp.c **** 
 404              		.loc 1 200 5 is_stmt 1 view .LVU117
 405 002a 02F5E032 		add	r2, r2, #114688
 406 002e 936D     		ldr	r3, [r2, #88]
 407 0030 23F48013 		bic	r3, r3, #1048576
 408 0034 9365     		str	r3, [r2, #88]
 206:Core/Src/stm32l4xx_hal_msp.c **** 
 409              		.loc 1 206 5 view .LVU118
 410 0036 4FF48051 		mov	r1, #4096
 411 003a 0648     		ldr	r0, .L23+8
 412              	.LVL20:
 206:Core/Src/stm32l4xx_hal_msp.c **** 
 413              		.loc 1 206 5 is_stmt 0 view .LVU119
 414 003c FFF7FEFF 		bl	HAL_GPIO_DeInit
 415              	.LVL21:
 208:Core/Src/stm32l4xx_hal_msp.c **** 
 416              		.loc 1 208 5 is_stmt 1 view .LVU120
 417 0040 0421     		movs	r1, #4
 418 0042 0548     		ldr	r0, .L23+12
 419 0044 FFF7FEFF 		bl	HAL_GPIO_DeInit
 420              	.LVL22:
 421              		.loc 1 215 1 is_stmt 0 view .LVU121
 422 0048 E2E7     		b	.L17
 423              	.L24:
 424 004a 00BF     		.align	2
 425              	.L23:
 426 004c 004C0040 		.word	1073761280
 427 0050 00500040 		.word	1073762304
 428 0054 00080048 		.word	1207961600
 429 0058 000C0048 		.word	1207962624
 430              		.cfi_endproc
 431              	.LFE134:
 433              		.text
 434              	.Letext0:
 435              		.file 2 "c:\\program files (x86)\\gnu arm embedded toolchain\\10 2021.10\\arm-none-eabi\\include\\
 436              		.file 3 "c:\\program files (x86)\\gnu arm embedded toolchain\\10 2021.10\\arm-none-eabi\\include\\
 437              		.file 4 "Drivers/CMSIS/Device/ST/STM32L4xx/Include/stm32l4r5xx.h"
 438              		.file 5 "Drivers/STM32L4xx_HAL_Driver/Inc/stm32l4xx_hal_def.h"
 439              		.file 6 "Drivers/STM32L4xx_HAL_Driver/Inc/stm32l4xx_hal_rcc_ex.h"
 440              		.file 7 "Drivers/STM32L4xx_HAL_Driver/Inc/stm32l4xx_hal_gpio.h"
 441              		.file 8 "Drivers/STM32L4xx_HAL_Driver/Inc/stm32l4xx_hal_dma.h"
 442              		.file 9 "Drivers/STM32L4xx_HAL_Driver/Inc/stm32l4xx_hal_uart.h"
 443              		.file 10 "Core/Inc/main.h"
 444              		.file 11 "<built-in>"
ARM GAS  C:\Users\lalbo\AppData\Local\Temp\cc10LIey.s 			page 14


DEFINED SYMBOLS
                            *ABS*:00000000 stm32l4xx_hal_msp.c
C:\Users\lalbo\AppData\Local\Temp\cc10LIey.s:20     .text.HAL_MspInit:00000000 $t
C:\Users\lalbo\AppData\Local\Temp\cc10LIey.s:26     .text.HAL_MspInit:00000000 HAL_MspInit
C:\Users\lalbo\AppData\Local\Temp\cc10LIey.s:77     .text.HAL_MspInit:0000002c $d
C:\Users\lalbo\AppData\Local\Temp\cc10LIey.s:82     .text.HAL_UART_MspInit:00000000 $t
C:\Users\lalbo\AppData\Local\Temp\cc10LIey.s:88     .text.HAL_UART_MspInit:00000000 HAL_UART_MspInit
C:\Users\lalbo\AppData\Local\Temp\cc10LIey.s:343    .text.HAL_UART_MspInit:00000104 $d
C:\Users\lalbo\AppData\Local\Temp\cc10LIey.s:352    .text.HAL_UART_MspDeInit:00000000 $t
C:\Users\lalbo\AppData\Local\Temp\cc10LIey.s:358    .text.HAL_UART_MspDeInit:00000000 HAL_UART_MspDeInit
C:\Users\lalbo\AppData\Local\Temp\cc10LIey.s:426    .text.HAL_UART_MspDeInit:0000004c $d

UNDEFINED SYMBOLS
memset
HAL_RCCEx_PeriphCLKConfig
HAL_GPIO_Init
Error_Handler
HAL_GPIO_DeInit
